# JRE version: Java(TM) SE Runtime Environment (17.0.3.1+2) (build 17.0.3.1+2-LTS-6)
# Java VM: Java HotSpot(TM) 64-Bit Server VM (17.0.3.1+2-LTS-6, mixed mode, sharing, tiered, compressed oops, compressed class ptrs, g1 gc, windows-amd64)
GC Precious Log:
 CPUs: 8 total, 8 available
 Memory: 16110M
 Large Page Support: Disabled
 NUMA Support: Disabled
 Compressed Oops: Enabled (Zero based)
 Heap Region Size: 2M
 Heap Min Capacity: 8M
 Heap Initial Capacity: 252M
 Heap Max Capacity: 4028M
 Pre-touch: Disabled
 Parallel Workers: 8
 Concurrent Workers: 2
 Concurrent Refinement Workers: 8
 Periodic GC: Disabled
Heap:
 garbage-first heap   total 69632K, used 27095K [0x0000000704400000, 0x0000000800000000)
  region size 2048K, 6 young (12288K), 2 survivors (4096K)
 Metaspace       used 57861K, committed 58240K, reserved 1105920K
  class space    used 7714K, committed 7872K, reserved 1048576K
GC Heap History (20 events):
Event: 0.994 GC heap before
{Heap before GC invocations=1 (full 0):
 garbage-first heap   total 258048K, used 31024K [0x0000000704400000, 0x0000000800000000)
  region size 2048K, 14 young (28672K), 2 survivors (4096K)
 Metaspace       used 12567K, committed 12736K, reserved 1064960K
  class space    used 1536K, committed 1600K, reserved 1048576K
}
Event: 0.998 GC heap after
{Heap after GC invocations=2 (full 0):
 garbage-first heap   total 258048K, used 7613K [0x0000000704400000, 0x0000000800000000)
  region size 2048K, 1 young (2048K), 1 survivors (2048K)
 Metaspace       used 12567K, committed 12736K, reserved 1064960K
  class space    used 1536K, committed 1600K, reserved 1048576K
}
Event: 1.967 GC heap before
{Heap before GC invocations=2 (full 0):
 garbage-first heap   total 258048K, used 60861K [0x0000000704400000, 0x0000000800000000)
  region size 2048K, 28 young (57344K), 1 survivors (2048K)
 Metaspace       used 21269K, committed 21504K, reserved 1073152K
  class space    used 2675K, committed 2816K, reserved 1048576K
}
Event: 1.971 GC heap after
{Heap after GC invocations=3 (full 0):
 garbage-first heap   total 258048K, used 11524K [0x0000000704400000, 0x0000000800000000)
  region size 2048K, 3 young (6144K), 3 survivors (6144K)
 Metaspace       used 21269K, committed 21504K, reserved 1073152K
  class space    used 2675K, committed 2816K, reserved 1048576K
}
Event: 2.455 GC heap before
{Heap before GC invocations=4 (full 0):
 garbage-first heap   total 55296K, used 38148K [0x0000000704400000, 0x0000000800000000)
  region size 2048K, 16 young (32768K), 3 survivors (6144K)
 Metaspace       used 26466K, committed 26816K, reserved 1073152K
  class space    used 3344K, committed 3520K, reserved 1048576K
}
Event: 2.461 GC heap after
{Heap after GC invocations=5 (full 0):
 garbage-first heap   total 55296K, used 14337K [0x0000000704400000, 0x0000000800000000)
  region size 2048K, 2 young (4096K), 2 survivors (4096K)
 Metaspace       used 26466K, committed 26816K, reserved 1073152K
  class space    used 3344K, committed 3520K, reserved 1048576K
}
Event: 2.494 GC heap before
{Heap before GC invocations=5 (full 0):
 garbage-first heap   total 55296K, used 14337K [0x0000000704400000, 0x0000000800000000)
  region size 2048K, 3 young (6144K), 2 survivors (4096K)
 Metaspace       used 26590K, committed 26880K, reserved 1073152K
  class space    used 3367K, committed 3520K, reserved 1048576K
}
Event: 2.497 GC heap after
{Heap after GC invocations=6 (full 0):
 garbage-first heap   total 55296K, used 14742K [0x0000000704400000, 0x0000000800000000)
  region size 2048K, 1 young (2048K), 1 survivors (2048K)
 Metaspace       used 26590K, committed 26880K, reserved 1073152K
  class space    used 3367K, committed 3520K, reserved 1048576K
}
Event: 2.846 GC heap before
{Heap before GC invocations=6 (full 0):
 garbage-first heap   total 55296K, used 35222K [0x0000000704400000, 0x0000000800000000)
  region size 2048K, 11 young (22528K), 1 survivors (2048K)
 Metaspace       used 32416K, committed 32768K, reserved 1081344K
  class space    used 4316K, committed 4480K, reserved 1048576K
}
Event: 2.848 GC heap after
{Heap after GC invocations=7 (full 0):
 garbage-first heap   total 157696K, used 15365K [0x0000000704400000, 0x0000000800000000)
  region size 2048K, 1 young (2048K), 1 survivors (2048K)
 Metaspace       used 32416K, committed 32768K, reserved 1081344K
  class space    used 4316K, committed 4480K, reserved 1048576K
}
Event: 3.000 GC heap before
{Heap before GC invocations=7 (full 0):
 garbage-first heap   total 157696K, used 23557K [0x0000000704400000, 0x0000000800000000)
  region size 2048K, 6 young (12288K), 1 survivors (2048K)
 Metaspace       used 35796K, committed 36096K, reserved 1081344K
  class space    used 4694K, committed 4864K, reserved 1048576K
}
Event: 3.003 GC heap after
{Heap after GC invocations=8 (full 0):
 garbage-first heap   total 157696K, used 16664K [0x0000000704400000, 0x0000000800000000)
  region size 2048K, 2 young (4096K), 2 survivors (4096K)
 Metaspace       used 35796K, committed 36096K, reserved 1081344K
  class space    used 4694K, committed 4864K, reserved 1048576K
}
Event: 3.639 GC heap before
{Heap before GC invocations=9 (full 0):
 garbage-first heap   total 69632K, used 53528K [0x0000000704400000, 0x0000000800000000)
  region size 2048K, 20 young (40960K), 2 survivors (4096K)
 Metaspace       used 45499K, committed 45824K, reserved 1089536K
  class space    used 6102K, committed 6272K, reserved 1048576K
}
Event: 3.643 GC heap after
{Heap after GC invocations=10 (full 0):
 garbage-first heap   total 69632K, used 18730K [0x0000000704400000, 0x0000000800000000)
  region size 2048K, 3 young (6144K), 3 survivors (6144K)
 Metaspace       used 45499K, committed 45824K, reserved 1089536K
  class space    used 6102K, committed 6272K, reserved 1048576K
}
Event: 3.691 GC heap before
{Heap before GC invocations=10 (full 0):
 garbage-first heap   total 69632K, used 20778K [0x0000000704400000, 0x0000000800000000)
  region size 2048K, 4 young (8192K), 3 survivors (6144K)
 Metaspace       used 45936K, committed 46272K, reserved 1089536K
  class space    used 6178K, committed 6336K, reserved 1048576K
}
Event: 3.696 GC heap after
{Heap after GC invocations=11 (full 0):
 garbage-first heap   total 69632K, used 18715K [0x0000000704400000, 0x0000000800000000)
  region size 2048K, 1 young (2048K), 1 survivors (2048K)
 Metaspace       used 45936K, committed 46272K, reserved 1089536K
  class space    used 6178K, committed 6336K, reserved 1048576K
}
Event: 4.239 GC heap before
{Heap before GC invocations=11 (full 0):
 garbage-first heap   total 69632K, used 47387K [0x0000000704400000, 0x0000000800000000)
  region size 2048K, 15 young (30720K), 1 survivors (2048K)
 Metaspace       used 50980K, committed 51328K, reserved 1097728K
  class space    used 6877K, committed 7040K, reserved 1048576K
}
Event: 4.242 GC heap after
{Heap after GC invocations=12 (full 0):
 garbage-first heap   total 69632K, used 20655K [0x0000000704400000, 0x0000000800000000)
  region size 2048K, 2 young (4096K), 2 survivors (4096K)
 Metaspace       used 50980K, committed 51328K, reserved 1097728K
  class space    used 6877K, committed 7040K, reserved 1048576K
}
Event: 13.087 GC heap before
{Heap before GC invocations=13 (full 0):
 garbage-first heap   total 69632K, used 47279K [0x0000000704400000, 0x0000000800000000)
  region size 2048K, 16 young (32768K), 2 survivors (4096K)
 Metaspace       used 56274K, committed 56576K, reserved 1097728K
  class space    used 7549K, committed 7680K, reserved 1048576K
}
Event: 13.094 GC heap after
{Heap after GC invocations=14 (full 0):
 garbage-first heap   total 69632K, used 22999K [0x0000000704400000, 0x0000000800000000)
  region size 2048K, 2 young (4096K), 2 survivors (4096K)
 Metaspace       used 56274K, committed 56576K, reserved 1097728K
  class space    used 7549K, committed 7680K, reserved 1048576K
}

